2019-07-03T10:07:10.563Z - info: Connected to MongoDB
2019-07-03T10:07:10.653Z - info: Routes initialized
2019-07-03T10:07:10.659Z - info: Server listening on port 4500...
2019-07-03T10:07:11.196Z - info: ::1 - - [03/Jul/2019:10:07:11 +0000] "GET / HTTP/1.1" 304 - "-" "Mozilla/5.0 (Macintosh; Intel Mac OS X 10_14_5) AppleWebKit/537.36 (KHTML, like Gecko) Chrome/75.0.3770.100 Safari/537.36"
2019-07-03T10:07:11.217Z - info: ::1 - - [03/Jul/2019:10:07:11 +0000] "GET /libs/jquery-ui/jquery-ui.structure.min.css HTTP/1.1" 304 - "http://localhost:4500/" "Mozilla/5.0 (Macintosh; Intel Mac OS X 10_14_5) AppleWebKit/537.36 (KHTML, like Gecko) Chrome/75.0.3770.100 Safari/537.36"
2019-07-03T10:07:11.218Z - info: ::1 - - [03/Jul/2019:10:07:11 +0000] "GET /libs/jquery-ui/jquery-ui.theme.min.css HTTP/1.1" 304 - "http://localhost:4500/" "Mozilla/5.0 (Macintosh; Intel Mac OS X 10_14_5) AppleWebKit/537.36 (KHTML, like Gecko) Chrome/75.0.3770.100 Safari/537.36"
2019-07-03T10:07:11.218Z - info: ::1 - - [03/Jul/2019:10:07:11 +0000] "GET /libs/jquery-mmenu/jquery.mmenu.all.css HTTP/1.1" 304 - "http://localhost:4500/" "Mozilla/5.0 (Macintosh; Intel Mac OS X 10_14_5) AppleWebKit/537.36 (KHTML, like Gecko) Chrome/75.0.3770.100 Safari/537.36"
2019-07-03T10:07:11.219Z - info: ::1 - - [03/Jul/2019:10:07:11 +0000] "GET /libs/jquery-toast/jquery.toast.min.css HTTP/1.1" 304 - "http://localhost:4500/" "Mozilla/5.0 (Macintosh; Intel Mac OS X 10_14_5) AppleWebKit/537.36 (KHTML, like Gecko) Chrome/75.0.3770.100 Safari/537.36"
2019-07-03T10:07:11.223Z - info: ::1 - - [03/Jul/2019:10:07:11 +0000] "GET /libs/angular-ui-select/select.css HTTP/1.1" 304 - "http://localhost:4500/" "Mozilla/5.0 (Macintosh; Intel Mac OS X 10_14_5) AppleWebKit/537.36 (KHTML, like Gecko) Chrome/75.0.3770.100 Safari/537.36"
2019-07-03T10:07:11.226Z - info: ::1 - - [03/Jul/2019:10:07:11 +0000] "GET /build/libs/libs.bundle.min.js HTTP/1.1" 304 - "http://localhost:4500/" "Mozilla/5.0 (Macintosh; Intel Mac OS X 10_14_5) AppleWebKit/537.36 (KHTML, like Gecko) Chrome/75.0.3770.100 Safari/537.36"
2019-07-03T10:07:11.229Z - info: ::1 - - [03/Jul/2019:10:07:11 +0000] "GET /build/styles/styles.css HTTP/1.1" 304 - "http://localhost:4500/" "Mozilla/5.0 (Macintosh; Intel Mac OS X 10_14_5) AppleWebKit/537.36 (KHTML, like Gecko) Chrome/75.0.3770.100 Safari/537.36"
2019-07-03T10:07:11.233Z - info: ::1 - - [03/Jul/2019:10:07:11 +0000] "GET /build/js/app.bundle.min.js HTTP/1.1" 200 97722 "http://localhost:4500/" "Mozilla/5.0 (Macintosh; Intel Mac OS X 10_14_5) AppleWebKit/537.36 (KHTML, like Gecko) Chrome/75.0.3770.100 Safari/537.36"
2019-07-03T10:07:11.346Z - info: ::1 - - [03/Jul/2019:10:07:11 +0000] "GET /build/libs/angular-sanitize.min.js.map HTTP/1.1" 404 246 "-" "Mozilla/5.0 (Macintosh; Intel Mac OS X 10_14_5) AppleWebKit/537.36 (KHTML, like Gecko) Chrome/75.0.3770.100 Safari/537.36"
2019-07-03T10:07:11.352Z - info: ::1 - - [03/Jul/2019:10:07:11 +0000] "GET /app/assets/icons/loading-squares.gif HTTP/1.1" 304 - "http://localhost:4500/build/styles/styles.css" "Mozilla/5.0 (Macintosh; Intel Mac OS X 10_14_5) AppleWebKit/537.36 (KHTML, like Gecko) Chrome/75.0.3770.100 Safari/537.36"
2019-07-03T10:07:11.353Z - info: ::1 - - [03/Jul/2019:10:07:11 +0000] "GET /app/assets/icons/facebook.png HTTP/1.1" 304 - "http://localhost:4500/build/styles/styles.css" "Mozilla/5.0 (Macintosh; Intel Mac OS X 10_14_5) AppleWebKit/537.36 (KHTML, like Gecko) Chrome/75.0.3770.100 Safari/537.36"
2019-07-03T10:07:11.355Z - info: ::1 - - [03/Jul/2019:10:07:11 +0000] "GET /app/assets/icons/github.png HTTP/1.1" 304 - "http://localhost:4500/build/styles/styles.css" "Mozilla/5.0 (Macintosh; Intel Mac OS X 10_14_5) AppleWebKit/537.36 (KHTML, like Gecko) Chrome/75.0.3770.100 Safari/537.36"
2019-07-03T10:07:11.357Z - info: ::1 - - [03/Jul/2019:10:07:11 +0000] "GET /app/assets/icons/googleplus.png HTTP/1.1" 304 - "http://localhost:4500/build/styles/styles.css" "Mozilla/5.0 (Macintosh; Intel Mac OS X 10_14_5) AppleWebKit/537.36 (KHTML, like Gecko) Chrome/75.0.3770.100 Safari/537.36"
2019-07-03T10:07:11.358Z - info: ::1 - - [03/Jul/2019:10:07:11 +0000] "GET /app/assets/icons/Play-50-green.png HTTP/1.1" 304 - "http://localhost:4500/build/styles/styles.css" "Mozilla/5.0 (Macintosh; Intel Mac OS X 10_14_5) AppleWebKit/537.36 (KHTML, like Gecko) Chrome/75.0.3770.100 Safari/537.36"
2019-07-03T10:07:11.360Z - info: ::1 - - [03/Jul/2019:10:07:11 +0000] "GET /app/assets/icons/Play-50-white.png HTTP/1.1" 304 - "http://localhost:4500/build/styles/styles.css" "Mozilla/5.0 (Macintosh; Intel Mac OS X 10_14_5) AppleWebKit/537.36 (KHTML, like Gecko) Chrome/75.0.3770.100 Safari/537.36"
2019-07-03T10:07:11.361Z - info: ::1 - - [03/Jul/2019:10:07:11 +0000] "GET /app/assets/icons/Stop-50-red.png HTTP/1.1" 304 - "http://localhost:4500/build/styles/styles.css" "Mozilla/5.0 (Macintosh; Intel Mac OS X 10_14_5) AppleWebKit/537.36 (KHTML, like Gecko) Chrome/75.0.3770.100 Safari/537.36"
2019-07-03T10:07:11.363Z - info: ::1 - - [03/Jul/2019:10:07:11 +0000] "GET /app/assets/icons/Stop-50-white.png HTTP/1.1" 304 - "http://localhost:4500/build/styles/styles.css" "Mozilla/5.0 (Macintosh; Intel Mac OS X 10_14_5) AppleWebKit/537.36 (KHTML, like Gecko) Chrome/75.0.3770.100 Safari/537.36"
2019-07-03T10:07:11.385Z - info: ::1 - - [03/Jul/2019:10:07:11 +0000] "GET /app/components/drum-machine/drumMachineView.html HTTP/1.1" 304 - "http://localhost:4500/" "Mozilla/5.0 (Macintosh; Intel Mac OS X 10_14_5) AppleWebKit/537.36 (KHTML, like Gecko) Chrome/75.0.3770.100 Safari/537.36"
2019-07-03T10:07:11.430Z - info: ::1 - - [03/Jul/2019:10:07:11 +0000] "GET /build/js/app.bundle.min.js.map HTTP/1.1" 200 102125 "-" "Mozilla/5.0 (Macintosh; Intel Mac OS X 10_14_5) AppleWebKit/537.36 (KHTML, like Gecko) Chrome/75.0.3770.100 Safari/537.36"
2019-07-03T10:07:11.436Z - info: ::1 - - [03/Jul/2019:10:07:11 +0000] "GET /build/styles/styles.css.map HTTP/1.1" 304 - "-" "Mozilla/5.0 (Macintosh; Intel Mac OS X 10_14_5) AppleWebKit/537.36 (KHTML, like Gecko) Chrome/75.0.3770.100 Safari/537.36"
2019-07-03T10:07:11.463Z - info: ::1 - - [03/Jul/2019:10:07:11 +0000] "GET /app/assets/icons/Plus-50-white.png HTTP/1.1" 304 - "http://localhost:4500/build/styles/styles.css" "Mozilla/5.0 (Macintosh; Intel Mac OS X 10_14_5) AppleWebKit/537.36 (KHTML, like Gecko) Chrome/75.0.3770.100 Safari/537.36"
2019-07-03T10:07:11.476Z - info: socket.io connected
2019-07-03T10:07:11.478Z - info: ::1 - - [03/Jul/2019:10:07:11 +0000] "GET /libs/jquery-ui/images/ui-icons_444444_256x240.png HTTP/1.1" 304 - "http://localhost:4500/libs/jquery-ui/jquery-ui.theme.min.css" "Mozilla/5.0 (Macintosh; Intel Mac OS X 10_14_5) AppleWebKit/537.36 (KHTML, like Gecko) Chrome/75.0.3770.100 Safari/537.36"
2019-07-03T10:07:11.480Z - info: ::1 - - [03/Jul/2019:10:07:11 +0000] "GET /app/assets/samples/rock/rock-kick.wav HTTP/1.1" 304 - "http://localhost:4500/" "Mozilla/5.0 (Macintosh; Intel Mac OS X 10_14_5) AppleWebKit/537.36 (KHTML, like Gecko) Chrome/75.0.3770.100 Safari/537.36"
2019-07-03T10:07:11.481Z - info: ::1 - - [03/Jul/2019:10:07:11 +0000] "GET /app/assets/samples/rock/rock-snare.wav HTTP/1.1" 304 - "http://localhost:4500/" "Mozilla/5.0 (Macintosh; Intel Mac OS X 10_14_5) AppleWebKit/537.36 (KHTML, like Gecko) Chrome/75.0.3770.100 Safari/537.36"
2019-07-03T10:07:11.482Z - info: ::1 - - [03/Jul/2019:10:07:11 +0000] "GET /app/assets/samples/rock/rock-hh-open.wav HTTP/1.1" 304 - "http://localhost:4500/" "Mozilla/5.0 (Macintosh; Intel Mac OS X 10_14_5) AppleWebKit/537.36 (KHTML, like Gecko) Chrome/75.0.3770.100 Safari/537.36"
2019-07-03T10:07:11.482Z - info: ::1 - - [03/Jul/2019:10:07:11 +0000] "GET /app/assets/samples/rock/rock-crash.wav HTTP/1.1" 304 - "http://localhost:4500/" "Mozilla/5.0 (Macintosh; Intel Mac OS X 10_14_5) AppleWebKit/537.36 (KHTML, like Gecko) Chrome/75.0.3770.100 Safari/537.36"
2019-07-03T10:07:11.507Z - info: ::1 - - [03/Jul/2019:10:07:11 +0000] "GET /api/categories HTTP/1.1" 304 - "http://localhost:4500/" "Mozilla/5.0 (Macintosh; Intel Mac OS X 10_14_5) AppleWebKit/537.36 (KHTML, like Gecko) Chrome/75.0.3770.100 Safari/537.36"
2019-07-03T10:07:11.508Z - info: ::1 - - [03/Jul/2019:10:07:11 +0000] "GET /app/directives/templates/trackDirective.html HTTP/1.1" 304 - "http://localhost:4500/" "Mozilla/5.0 (Macintosh; Intel Mac OS X 10_14_5) AppleWebKit/537.36 (KHTML, like Gecko) Chrome/75.0.3770.100 Safari/537.36"
2019-07-03T10:07:11.656Z - info: ::1 - - [03/Jul/2019:10:07:11 +0000] "GET /api/presets HTTP/1.1" 304 - "http://localhost:4500/" "Mozilla/5.0 (Macintosh; Intel Mac OS X 10_14_5) AppleWebKit/537.36 (KHTML, like Gecko) Chrome/75.0.3770.100 Safari/537.36"
2019-07-03T10:07:11.658Z - info: ::1 - - [03/Jul/2019:10:07:11 +0000] "GET /libs/jquery-ui/images/ui-icons_777777_256x240.png HTTP/1.1" 304 - "http://localhost:4500/libs/jquery-ui/jquery-ui.theme.min.css" "Mozilla/5.0 (Macintosh; Intel Mac OS X 10_14_5) AppleWebKit/537.36 (KHTML, like Gecko) Chrome/75.0.3770.100 Safari/537.36"
2019-07-03T10:07:16.638Z - info: ::1 - - [03/Jul/2019:10:07:16 +0000] "GET /libs/jquery-ui/images/ui-icons_555555_256x240.png HTTP/1.1" 304 - "http://localhost:4500/libs/jquery-ui/jquery-ui.theme.min.css" "Mozilla/5.0 (Macintosh; Intel Mac OS X 10_14_5) AppleWebKit/537.36 (KHTML, like Gecko) Chrome/75.0.3770.100 Safari/537.36"
2019-07-03T10:07:17.677Z - info: ::1 - - [03/Jul/2019:10:07:17 +0000] "GET /libs/jquery-ui/images/ui-icons_ffffff_256x240.png HTTP/1.1" 304 - "http://localhost:4500/libs/jquery-ui/jquery-ui.theme.min.css" "Mozilla/5.0 (Macintosh; Intel Mac OS X 10_14_5) AppleWebKit/537.36 (KHTML, like Gecko) Chrome/75.0.3770.100 Safari/537.36"
2019-07-03T10:07:27.167Z - info: ::1 - - [03/Jul/2019:10:07:27 +0000] "GET /app/directives/templates/savePreset.html HTTP/1.1" 304 - "http://localhost:4500/" "Mozilla/5.0 (Macintosh; Intel Mac OS X 10_14_5) AppleWebKit/537.36 (KHTML, like Gecko) Chrome/75.0.3770.100 Safari/537.36"
2019-07-03T10:07:35.010Z - info: Duplicated found at: /Users/ludovicofabbri/Documents/NodeProjects/groovyera-heroku/public/app/assets/samples/rock/rock-kick.wav
2019-07-03T10:07:35.036Z - info: ::1 - - [03/Jul/2019:10:07:35 +0000] "POST /api/presets HTTP/1.1" 200 1405 "http://localhost:4500/" "Mozilla/5.0 (Macintosh; Intel Mac OS X 10_14_5) AppleWebKit/537.36 (KHTML, like Gecko) Chrome/75.0.3770.100 Safari/537.36"
2019-07-03T10:07:35.143Z - info: ::1 - - [03/Jul/2019:10:07:35 +0000] "GET /api/presets HTTP/1.1" 200 51160 "http://localhost:4500/" "Mozilla/5.0 (Macintosh; Intel Mac OS X 10_14_5) AppleWebKit/537.36 (KHTML, like Gecko) Chrome/75.0.3770.100 Safari/537.36"
2019-07-03T10:07:52.073Z - info: ::1 - - [03/Jul/2019:10:07:52 +0000] "GET /app/assets/samples/drumNbass/snare%20chrome%20mono.wav HTTP/1.1" 404 246 "http://localhost:4500/" "Mozilla/5.0 (Macintosh; Intel Mac OS X 10_14_5) AppleWebKit/537.36 (KHTML, like Gecko) Chrome/75.0.3770.100 Safari/537.36"
2019-07-03T10:07:55.603Z - info: ::1 - - [03/Jul/2019:10:07:55 +0000] "GET /app/assets/samples/rock/rock-kick.wav HTTP/1.1" 304 - "http://localhost:4500/" "Mozilla/5.0 (Macintosh; Intel Mac OS X 10_14_5) AppleWebKit/537.36 (KHTML, like Gecko) Chrome/75.0.3770.100 Safari/537.36"
2019-07-03T10:08:29.764Z - info: ::1 - - [03/Jul/2019:10:08:29 +0000] "GET /app/assets/samples/drumNbass/snare%20chrome%20mono.wav HTTP/1.1" 404 246 "http://localhost:4500/" "Mozilla/5.0 (Macintosh; Intel Mac OS X 10_14_5) AppleWebKit/537.36 (KHTML, like Gecko) Chrome/75.0.3770.100 Safari/537.36"
2019-07-03T10:08:37.661Z - info: ::1 - - [03/Jul/2019:10:08:37 +0000] "GET /app/assets/samples/drumNbass/kick%20rc4%2016.wav HTTP/1.1" 304 - "http://localhost:4500/" "Mozilla/5.0 (Macintosh; Intel Mac OS X 10_14_5) AppleWebKit/537.36 (KHTML, like Gecko) Chrome/75.0.3770.100 Safari/537.36"
2019-07-03T10:08:37.661Z - info: ::1 - - [03/Jul/2019:10:08:37 +0000] "GET /app/assets/samples/drumNbass/snare%20rc4%208.wav HTTP/1.1" 304 - "http://localhost:4500/" "Mozilla/5.0 (Macintosh; Intel Mac OS X 10_14_5) AppleWebKit/537.36 (KHTML, like Gecko) Chrome/75.0.3770.100 Safari/537.36"
2019-07-03T10:08:37.663Z - info: ::1 - - [03/Jul/2019:10:08:37 +0000] "GET /app/assets/samples/drumNbass/hh%20rc4%201.wav HTTP/1.1" 200 88244 "http://localhost:4500/" "Mozilla/5.0 (Macintosh; Intel Mac OS X 10_14_5) AppleWebKit/537.36 (KHTML, like Gecko) Chrome/75.0.3770.100 Safari/537.36"
2019-07-03T10:08:37.664Z - info: ::1 - - [03/Jul/2019:10:08:37 +0000] "GET /app/assets/samples/drumNbass/hh%20rc4%202.wav HTTP/1.1" 200 88244 "http://localhost:4500/" "Mozilla/5.0 (Macintosh; Intel Mac OS X 10_14_5) AppleWebKit/537.36 (KHTML, like Gecko) Chrome/75.0.3770.100 Safari/537.36"
2019-07-03T10:08:37.665Z - info: ::1 - - [03/Jul/2019:10:08:37 +0000] "GET /app/assets/samples/drumNbass/ride%20rc4%2014.wav HTTP/1.1" 200 88244 "http://localhost:4500/" "Mozilla/5.0 (Macintosh; Intel Mac OS X 10_14_5) AppleWebKit/537.36 (KHTML, like Gecko) Chrome/75.0.3770.100 Safari/537.36"
2019-07-03T10:08:37.665Z - info: ::1 - - [03/Jul/2019:10:08:37 +0000] "GET /app/assets/samples/drumNbass/hh%20rc4%203.wav HTTP/1.1" 200 88244 "http://localhost:4500/" "Mozilla/5.0 (Macintosh; Intel Mac OS X 10_14_5) AppleWebKit/537.36 (KHTML, like Gecko) Chrome/75.0.3770.100 Safari/537.36"
2019-07-03T10:09:52.322Z - info: ::1 - - [03/Jul/2019:10:09:52 +0000] "GET / HTTP/1.1" 304 - "-" "Mozilla/5.0 (Macintosh; Intel Mac OS X 10_14_5) AppleWebKit/537.36 (KHTML, like Gecko) Chrome/75.0.3770.100 Safari/537.36"
2019-07-03T10:09:52.345Z - info: ::1 - - [03/Jul/2019:10:09:52 +0000] "GET /libs/jquery-ui/jquery-ui.structure.min.css HTTP/1.1" 304 - "http://localhost:4500/" "Mozilla/5.0 (Macintosh; Intel Mac OS X 10_14_5) AppleWebKit/537.36 (KHTML, like Gecko) Chrome/75.0.3770.100 Safari/537.36"
2019-07-03T10:09:52.345Z - info: ::1 - - [03/Jul/2019:10:09:52 +0000] "GET /libs/jquery-ui/jquery-ui.theme.min.css HTTP/1.1" 304 - "http://localhost:4500/" "Mozilla/5.0 (Macintosh; Intel Mac OS X 10_14_5) AppleWebKit/537.36 (KHTML, like Gecko) Chrome/75.0.3770.100 Safari/537.36"
2019-07-03T10:09:52.346Z - info: ::1 - - [03/Jul/2019:10:09:52 +0000] "GET /libs/jquery-mmenu/jquery.mmenu.all.css HTTP/1.1" 304 - "http://localhost:4500/" "Mozilla/5.0 (Macintosh; Intel Mac OS X 10_14_5) AppleWebKit/537.36 (KHTML, like Gecko) Chrome/75.0.3770.100 Safari/537.36"
2019-07-03T10:09:52.348Z - info: ::1 - - [03/Jul/2019:10:09:52 +0000] "GET /libs/jquery-toast/jquery.toast.min.css HTTP/1.1" 304 - "http://localhost:4500/" "Mozilla/5.0 (Macintosh; Intel Mac OS X 10_14_5) AppleWebKit/537.36 (KHTML, like Gecko) Chrome/75.0.3770.100 Safari/537.36"
2019-07-03T10:09:52.355Z - info: ::1 - - [03/Jul/2019:10:09:52 +0000] "GET /libs/angular-ui-select/select.css HTTP/1.1" 304 - "http://localhost:4500/" "Mozilla/5.0 (Macintosh; Intel Mac OS X 10_14_5) AppleWebKit/537.36 (KHTML, like Gecko) Chrome/75.0.3770.100 Safari/537.36"
2019-07-03T10:09:52.356Z - info: ::1 - - [03/Jul/2019:10:09:52 +0000] "GET /build/libs/libs.bundle.min.js HTTP/1.1" 304 - "http://localhost:4500/" "Mozilla/5.0 (Macintosh; Intel Mac OS X 10_14_5) AppleWebKit/537.36 (KHTML, like Gecko) Chrome/75.0.3770.100 Safari/537.36"
2019-07-03T10:09:52.356Z - info: ::1 - - [03/Jul/2019:10:09:52 +0000] "GET /build/js/app.bundle.min.js HTTP/1.1" 304 - "http://localhost:4500/" "Mozilla/5.0 (Macintosh; Intel Mac OS X 10_14_5) AppleWebKit/537.36 (KHTML, like Gecko) Chrome/75.0.3770.100 Safari/537.36"
2019-07-03T10:09:52.357Z - info: ::1 - - [03/Jul/2019:10:09:52 +0000] "GET /build/styles/styles.css HTTP/1.1" 304 - "http://localhost:4500/" "Mozilla/5.0 (Macintosh; Intel Mac OS X 10_14_5) AppleWebKit/537.36 (KHTML, like Gecko) Chrome/75.0.3770.100 Safari/537.36"
2019-07-03T10:09:52.498Z - info: ::1 - - [03/Jul/2019:10:09:52 +0000] "GET /build/libs/angular-sanitize.min.js.map HTTP/1.1" 404 246 "-" "Mozilla/5.0 (Macintosh; Intel Mac OS X 10_14_5) AppleWebKit/537.36 (KHTML, like Gecko) Chrome/75.0.3770.100 Safari/537.36"
2019-07-03T10:09:52.509Z - info: ::1 - - [03/Jul/2019:10:09:52 +0000] "GET /app/assets/icons/loading-squares.gif HTTP/1.1" 304 - "http://localhost:4500/build/styles/styles.css" "Mozilla/5.0 (Macintosh; Intel Mac OS X 10_14_5) AppleWebKit/537.36 (KHTML, like Gecko) Chrome/75.0.3770.100 Safari/537.36"
2019-07-03T10:09:52.510Z - info: ::1 - - [03/Jul/2019:10:09:52 +0000] "GET /app/assets/icons/facebook.png HTTP/1.1" 304 - "http://localhost:4500/build/styles/styles.css" "Mozilla/5.0 (Macintosh; Intel Mac OS X 10_14_5) AppleWebKit/537.36 (KHTML, like Gecko) Chrome/75.0.3770.100 Safari/537.36"
2019-07-03T10:09:52.511Z - info: ::1 - - [03/Jul/2019:10:09:52 +0000] "GET /app/assets/icons/github.png HTTP/1.1" 304 - "http://localhost:4500/build/styles/styles.css" "Mozilla/5.0 (Macintosh; Intel Mac OS X 10_14_5) AppleWebKit/537.36 (KHTML, like Gecko) Chrome/75.0.3770.100 Safari/537.36"
2019-07-03T10:09:52.513Z - info: ::1 - - [03/Jul/2019:10:09:52 +0000] "GET /app/assets/icons/googleplus.png HTTP/1.1" 304 - "http://localhost:4500/build/styles/styles.css" "Mozilla/5.0 (Macintosh; Intel Mac OS X 10_14_5) AppleWebKit/537.36 (KHTML, like Gecko) Chrome/75.0.3770.100 Safari/537.36"
2019-07-03T10:09:52.515Z - info: ::1 - - [03/Jul/2019:10:09:52 +0000] "GET /app/assets/icons/Play-50-green.png HTTP/1.1" 304 - "http://localhost:4500/build/styles/styles.css" "Mozilla/5.0 (Macintosh; Intel Mac OS X 10_14_5) AppleWebKit/537.36 (KHTML, like Gecko) Chrome/75.0.3770.100 Safari/537.36"
2019-07-03T10:09:52.515Z - info: ::1 - - [03/Jul/2019:10:09:52 +0000] "GET /app/assets/icons/Play-50-white.png HTTP/1.1" 304 - "http://localhost:4500/build/styles/styles.css" "Mozilla/5.0 (Macintosh; Intel Mac OS X 10_14_5) AppleWebKit/537.36 (KHTML, like Gecko) Chrome/75.0.3770.100 Safari/537.36"
2019-07-03T10:09:52.515Z - info: ::1 - - [03/Jul/2019:10:09:52 +0000] "GET /app/assets/icons/Stop-50-red.png HTTP/1.1" 304 - "http://localhost:4500/build/styles/styles.css" "Mozilla/5.0 (Macintosh; Intel Mac OS X 10_14_5) AppleWebKit/537.36 (KHTML, like Gecko) Chrome/75.0.3770.100 Safari/537.36"
2019-07-03T10:09:52.517Z - info: ::1 - - [03/Jul/2019:10:09:52 +0000] "GET /app/assets/icons/Stop-50-white.png HTTP/1.1" 304 - "http://localhost:4500/build/styles/styles.css" "Mozilla/5.0 (Macintosh; Intel Mac OS X 10_14_5) AppleWebKit/537.36 (KHTML, like Gecko) Chrome/75.0.3770.100 Safari/537.36"
2019-07-03T10:09:52.545Z - info: ::1 - - [03/Jul/2019:10:09:52 +0000] "GET /app/components/drum-machine/drumMachineView.html HTTP/1.1" 304 - "http://localhost:4500/" "Mozilla/5.0 (Macintosh; Intel Mac OS X 10_14_5) AppleWebKit/537.36 (KHTML, like Gecko) Chrome/75.0.3770.100 Safari/537.36"
2019-07-03T10:09:52.580Z - info: ::1 - - [03/Jul/2019:10:09:52 +0000] "GET /build/js/app.bundle.min.js.map HTTP/1.1" 304 - "-" "Mozilla/5.0 (Macintosh; Intel Mac OS X 10_14_5) AppleWebKit/537.36 (KHTML, like Gecko) Chrome/75.0.3770.100 Safari/537.36"
2019-07-03T10:09:52.584Z - info: ::1 - - [03/Jul/2019:10:09:52 +0000] "GET /build/styles/styles.css.map HTTP/1.1" 304 - "-" "Mozilla/5.0 (Macintosh; Intel Mac OS X 10_14_5) AppleWebKit/537.36 (KHTML, like Gecko) Chrome/75.0.3770.100 Safari/537.36"
2019-07-03T10:09:52.632Z - info: ::1 - - [03/Jul/2019:10:09:52 +0000] "GET /app/assets/icons/Plus-50-white.png HTTP/1.1" 304 - "http://localhost:4500/build/styles/styles.css" "Mozilla/5.0 (Macintosh; Intel Mac OS X 10_14_5) AppleWebKit/537.36 (KHTML, like Gecko) Chrome/75.0.3770.100 Safari/537.36"
2019-07-03T10:09:52.645Z - info: socket.io connected
2019-07-03T10:09:52.650Z - info: ::1 - - [03/Jul/2019:10:09:52 +0000] "GET /libs/jquery-ui/images/ui-icons_444444_256x240.png HTTP/1.1" 304 - "http://localhost:4500/libs/jquery-ui/jquery-ui.theme.min.css" "Mozilla/5.0 (Macintosh; Intel Mac OS X 10_14_5) AppleWebKit/537.36 (KHTML, like Gecko) Chrome/75.0.3770.100 Safari/537.36"
2019-07-03T10:09:52.654Z - info: ::1 - - [03/Jul/2019:10:09:52 +0000] "GET /app/assets/samples/rock/rock-kick.wav HTTP/1.1" 304 - "http://localhost:4500/" "Mozilla/5.0 (Macintosh; Intel Mac OS X 10_14_5) AppleWebKit/537.36 (KHTML, like Gecko) Chrome/75.0.3770.100 Safari/537.36"
2019-07-03T10:09:52.655Z - info: ::1 - - [03/Jul/2019:10:09:52 +0000] "GET /app/assets/samples/rock/rock-snare.wav HTTP/1.1" 304 - "http://localhost:4500/" "Mozilla/5.0 (Macintosh; Intel Mac OS X 10_14_5) AppleWebKit/537.36 (KHTML, like Gecko) Chrome/75.0.3770.100 Safari/537.36"
2019-07-03T10:09:52.656Z - info: ::1 - - [03/Jul/2019:10:09:52 +0000] "GET /app/assets/samples/rock/rock-hh-open.wav HTTP/1.1" 304 - "http://localhost:4500/" "Mozilla/5.0 (Macintosh; Intel Mac OS X 10_14_5) AppleWebKit/537.36 (KHTML, like Gecko) Chrome/75.0.3770.100 Safari/537.36"
2019-07-03T10:09:52.658Z - info: ::1 - - [03/Jul/2019:10:09:52 +0000] "GET /app/assets/samples/rock/rock-crash.wav HTTP/1.1" 304 - "http://localhost:4500/" "Mozilla/5.0 (Macintosh; Intel Mac OS X 10_14_5) AppleWebKit/537.36 (KHTML, like Gecko) Chrome/75.0.3770.100 Safari/537.36"
2019-07-03T10:09:52.673Z - info: ::1 - - [03/Jul/2019:10:09:52 +0000] "GET /api/categories HTTP/1.1" 304 - "http://localhost:4500/" "Mozilla/5.0 (Macintosh; Intel Mac OS X 10_14_5) AppleWebKit/537.36 (KHTML, like Gecko) Chrome/75.0.3770.100 Safari/537.36"
2019-07-03T10:09:52.684Z - info: ::1 - - [03/Jul/2019:10:09:52 +0000] "GET /app/directives/templates/trackDirective.html HTTP/1.1" 304 - "http://localhost:4500/" "Mozilla/5.0 (Macintosh; Intel Mac OS X 10_14_5) AppleWebKit/537.36 (KHTML, like Gecko) Chrome/75.0.3770.100 Safari/537.36"
2019-07-03T10:09:52.784Z - info: ::1 - - [03/Jul/2019:10:09:52 +0000] "GET /api/presets HTTP/1.1" 200 38860 "http://localhost:4500/" "Mozilla/5.0 (Macintosh; Intel Mac OS X 10_14_5) AppleWebKit/537.36 (KHTML, like Gecko) Chrome/75.0.3770.100 Safari/537.36"
2019-07-03T10:09:52.785Z - info: ::1 - - [03/Jul/2019:10:09:52 +0000] "GET /libs/jquery-ui/images/ui-icons_777777_256x240.png HTTP/1.1" 304 - "http://localhost:4500/libs/jquery-ui/jquery-ui.theme.min.css" "Mozilla/5.0 (Macintosh; Intel Mac OS X 10_14_5) AppleWebKit/537.36 (KHTML, like Gecko) Chrome/75.0.3770.100 Safari/537.36"
2019-07-03T10:10:00.369Z - info: ::1 - - [03/Jul/2019:10:10:00 +0000] "GET /app/assets/samples/drumNbass/kick%20rc4%2016.wav HTTP/1.1" 304 - "http://localhost:4500/" "Mozilla/5.0 (Macintosh; Intel Mac OS X 10_14_5) AppleWebKit/537.36 (KHTML, like Gecko) Chrome/75.0.3770.100 Safari/537.36"
2019-07-03T10:10:00.370Z - info: ::1 - - [03/Jul/2019:10:10:00 +0000] "GET /app/assets/samples/drumNbass/snare%20chrome%20mono.wav HTTP/1.1" 404 246 "http://localhost:4500/" "Mozilla/5.0 (Macintosh; Intel Mac OS X 10_14_5) AppleWebKit/537.36 (KHTML, like Gecko) Chrome/75.0.3770.100 Safari/537.36"
2019-07-03T10:10:48.919Z - info: ::1 - - [03/Jul/2019:10:10:48 +0000] "GET / HTTP/1.1" 304 - "-" "Mozilla/5.0 (Macintosh; Intel Mac OS X 10_14_5) AppleWebKit/537.36 (KHTML, like Gecko) Chrome/75.0.3770.100 Safari/537.36"
2019-07-03T10:10:48.940Z - info: ::1 - - [03/Jul/2019:10:10:48 +0000] "GET /libs/jquery-ui/jquery-ui.structure.min.css HTTP/1.1" 304 - "http://localhost:4500/" "Mozilla/5.0 (Macintosh; Intel Mac OS X 10_14_5) AppleWebKit/537.36 (KHTML, like Gecko) Chrome/75.0.3770.100 Safari/537.36"
2019-07-03T10:10:48.941Z - info: ::1 - - [03/Jul/2019:10:10:48 +0000] "GET /libs/jquery-ui/jquery-ui.theme.min.css HTTP/1.1" 304 - "http://localhost:4500/" "Mozilla/5.0 (Macintosh; Intel Mac OS X 10_14_5) AppleWebKit/537.36 (KHTML, like Gecko) Chrome/75.0.3770.100 Safari/537.36"
2019-07-03T10:10:48.944Z - info: ::1 - - [03/Jul/2019:10:10:48 +0000] "GET /libs/jquery-toast/jquery.toast.min.css HTTP/1.1" 304 - "http://localhost:4500/" "Mozilla/5.0 (Macintosh; Intel Mac OS X 10_14_5) AppleWebKit/537.36 (KHTML, like Gecko) Chrome/75.0.3770.100 Safari/537.36"
2019-07-03T10:10:48.945Z - info: ::1 - - [03/Jul/2019:10:10:48 +0000] "GET /libs/angular-ui-select/select.css HTTP/1.1" 304 - "http://localhost:4500/" "Mozilla/5.0 (Macintosh; Intel Mac OS X 10_14_5) AppleWebKit/537.36 (KHTML, like Gecko) Chrome/75.0.3770.100 Safari/537.36"
2019-07-03T10:10:48.946Z - info: ::1 - - [03/Jul/2019:10:10:48 +0000] "GET /libs/jquery-mmenu/jquery.mmenu.all.css HTTP/1.1" 304 - "http://localhost:4500/" "Mozilla/5.0 (Macintosh; Intel Mac OS X 10_14_5) AppleWebKit/537.36 (KHTML, like Gecko) Chrome/75.0.3770.100 Safari/537.36"
2019-07-03T10:10:48.952Z - info: ::1 - - [03/Jul/2019:10:10:48 +0000] "GET /build/styles/styles.css HTTP/1.1" 304 - "http://localhost:4500/" "Mozilla/5.0 (Macintosh; Intel Mac OS X 10_14_5) AppleWebKit/537.36 (KHTML, like Gecko) Chrome/75.0.3770.100 Safari/537.36"
2019-07-03T10:10:48.957Z - info: ::1 - - [03/Jul/2019:10:10:48 +0000] "GET /build/libs/libs.bundle.min.js HTTP/1.1" 304 - "http://localhost:4500/" "Mozilla/5.0 (Macintosh; Intel Mac OS X 10_14_5) AppleWebKit/537.36 (KHTML, like Gecko) Chrome/75.0.3770.100 Safari/537.36"
2019-07-03T10:10:48.958Z - info: ::1 - - [03/Jul/2019:10:10:48 +0000] "GET /build/js/app.bundle.min.js HTTP/1.1" 304 - "http://localhost:4500/" "Mozilla/5.0 (Macintosh; Intel Mac OS X 10_14_5) AppleWebKit/537.36 (KHTML, like Gecko) Chrome/75.0.3770.100 Safari/537.36"
2019-07-03T10:10:49.091Z - info: ::1 - - [03/Jul/2019:10:10:49 +0000] "GET /build/libs/angular-sanitize.min.js.map HTTP/1.1" 404 246 "-" "Mozilla/5.0 (Macintosh; Intel Mac OS X 10_14_5) AppleWebKit/537.36 (KHTML, like Gecko) Chrome/75.0.3770.100 Safari/537.36"
2019-07-03T10:10:49.097Z - info: ::1 - - [03/Jul/2019:10:10:49 +0000] "GET /app/assets/icons/loading-squares.gif HTTP/1.1" 304 - "http://localhost:4500/build/styles/styles.css" "Mozilla/5.0 (Macintosh; Intel Mac OS X 10_14_5) AppleWebKit/537.36 (KHTML, like Gecko) Chrome/75.0.3770.100 Safari/537.36"
2019-07-03T10:10:49.098Z - info: ::1 - - [03/Jul/2019:10:10:49 +0000] "GET /app/assets/icons/facebook.png HTTP/1.1" 304 - "http://localhost:4500/build/styles/styles.css" "Mozilla/5.0 (Macintosh; Intel Mac OS X 10_14_5) AppleWebKit/537.36 (KHTML, like Gecko) Chrome/75.0.3770.100 Safari/537.36"
2019-07-03T10:10:49.099Z - info: ::1 - - [03/Jul/2019:10:10:49 +0000] "GET /app/assets/icons/github.png HTTP/1.1" 304 - "http://localhost:4500/build/styles/styles.css" "Mozilla/5.0 (Macintosh; Intel Mac OS X 10_14_5) AppleWebKit/537.36 (KHTML, like Gecko) Chrome/75.0.3770.100 Safari/537.36"
2019-07-03T10:10:49.101Z - info: ::1 - - [03/Jul/2019:10:10:49 +0000] "GET /app/assets/icons/googleplus.png HTTP/1.1" 304 - "http://localhost:4500/build/styles/styles.css" "Mozilla/5.0 (Macintosh; Intel Mac OS X 10_14_5) AppleWebKit/537.36 (KHTML, like Gecko) Chrome/75.0.3770.100 Safari/537.36"
2019-07-03T10:10:49.101Z - info: ::1 - - [03/Jul/2019:10:10:49 +0000] "GET /app/assets/icons/Play-50-green.png HTTP/1.1" 304 - "http://localhost:4500/build/styles/styles.css" "Mozilla/5.0 (Macintosh; Intel Mac OS X 10_14_5) AppleWebKit/537.36 (KHTML, like Gecko) Chrome/75.0.3770.100 Safari/537.36"
2019-07-03T10:10:49.101Z - info: ::1 - - [03/Jul/2019:10:10:49 +0000] "GET /app/assets/icons/Play-50-white.png HTTP/1.1" 304 - "http://localhost:4500/build/styles/styles.css" "Mozilla/5.0 (Macintosh; Intel Mac OS X 10_14_5) AppleWebKit/537.36 (KHTML, like Gecko) Chrome/75.0.3770.100 Safari/537.36"
2019-07-03T10:10:49.103Z - info: ::1 - - [03/Jul/2019:10:10:49 +0000] "GET /app/assets/icons/Stop-50-white.png HTTP/1.1" 304 - "http://localhost:4500/build/styles/styles.css" "Mozilla/5.0 (Macintosh; Intel Mac OS X 10_14_5) AppleWebKit/537.36 (KHTML, like Gecko) Chrome/75.0.3770.100 Safari/537.36"
2019-07-03T10:10:49.104Z - info: ::1 - - [03/Jul/2019:10:10:49 +0000] "GET /app/assets/icons/Stop-50-red.png HTTP/1.1" 304 - "http://localhost:4500/build/styles/styles.css" "Mozilla/5.0 (Macintosh; Intel Mac OS X 10_14_5) AppleWebKit/537.36 (KHTML, like Gecko) Chrome/75.0.3770.100 Safari/537.36"
2019-07-03T10:10:49.134Z - info: ::1 - - [03/Jul/2019:10:10:49 +0000] "GET /app/components/drum-machine/drumMachineView.html HTTP/1.1" 304 - "http://localhost:4500/" "Mozilla/5.0 (Macintosh; Intel Mac OS X 10_14_5) AppleWebKit/537.36 (KHTML, like Gecko) Chrome/75.0.3770.100 Safari/537.36"
2019-07-03T10:10:49.169Z - info: ::1 - - [03/Jul/2019:10:10:49 +0000] "GET /build/js/app.bundle.min.js.map HTTP/1.1" 304 - "-" "Mozilla/5.0 (Macintosh; Intel Mac OS X 10_14_5) AppleWebKit/537.36 (KHTML, like Gecko) Chrome/75.0.3770.100 Safari/537.36"
2019-07-03T10:10:49.174Z - info: ::1 - - [03/Jul/2019:10:10:49 +0000] "GET /build/styles/styles.css.map HTTP/1.1" 304 - "-" "Mozilla/5.0 (Macintosh; Intel Mac OS X 10_14_5) AppleWebKit/537.36 (KHTML, like Gecko) Chrome/75.0.3770.100 Safari/537.36"
2019-07-03T10:10:49.221Z - info: ::1 - - [03/Jul/2019:10:10:49 +0000] "GET /app/assets/icons/Plus-50-white.png HTTP/1.1" 304 - "http://localhost:4500/build/styles/styles.css" "Mozilla/5.0 (Macintosh; Intel Mac OS X 10_14_5) AppleWebKit/537.36 (KHTML, like Gecko) Chrome/75.0.3770.100 Safari/537.36"
2019-07-03T10:10:49.235Z - info: socket.io connected
2019-07-03T10:10:49.241Z - info: ::1 - - [03/Jul/2019:10:10:49 +0000] "GET /libs/jquery-ui/images/ui-icons_444444_256x240.png HTTP/1.1" 304 - "http://localhost:4500/libs/jquery-ui/jquery-ui.theme.min.css" "Mozilla/5.0 (Macintosh; Intel Mac OS X 10_14_5) AppleWebKit/537.36 (KHTML, like Gecko) Chrome/75.0.3770.100 Safari/537.36"
2019-07-03T10:10:49.243Z - info: ::1 - - [03/Jul/2019:10:10:49 +0000] "GET /app/assets/samples/rock/rock-kick.wav HTTP/1.1" 304 - "http://localhost:4500/" "Mozilla/5.0 (Macintosh; Intel Mac OS X 10_14_5) AppleWebKit/537.36 (KHTML, like Gecko) Chrome/75.0.3770.100 Safari/537.36"
2019-07-03T10:10:49.245Z - info: ::1 - - [03/Jul/2019:10:10:49 +0000] "GET /app/assets/samples/rock/rock-snare.wav HTTP/1.1" 304 - "http://localhost:4500/" "Mozilla/5.0 (Macintosh; Intel Mac OS X 10_14_5) AppleWebKit/537.36 (KHTML, like Gecko) Chrome/75.0.3770.100 Safari/537.36"
2019-07-03T10:10:49.246Z - info: ::1 - - [03/Jul/2019:10:10:49 +0000] "GET /app/assets/samples/rock/rock-hh-open.wav HTTP/1.1" 304 - "http://localhost:4500/" "Mozilla/5.0 (Macintosh; Intel Mac OS X 10_14_5) AppleWebKit/537.36 (KHTML, like Gecko) Chrome/75.0.3770.100 Safari/537.36"
2019-07-03T10:10:49.247Z - info: ::1 - - [03/Jul/2019:10:10:49 +0000] "GET /app/assets/samples/rock/rock-crash.wav HTTP/1.1" 304 - "http://localhost:4500/" "Mozilla/5.0 (Macintosh; Intel Mac OS X 10_14_5) AppleWebKit/537.36 (KHTML, like Gecko) Chrome/75.0.3770.100 Safari/537.36"
2019-07-03T10:10:49.265Z - info: ::1 - - [03/Jul/2019:10:10:49 +0000] "GET /api/categories HTTP/1.1" 304 - "http://localhost:4500/" "Mozilla/5.0 (Macintosh; Intel Mac OS X 10_14_5) AppleWebKit/537.36 (KHTML, like Gecko) Chrome/75.0.3770.100 Safari/537.36"
2019-07-03T10:10:49.277Z - info: ::1 - - [03/Jul/2019:10:10:49 +0000] "GET /app/directives/templates/trackDirective.html HTTP/1.1" 304 - "http://localhost:4500/" "Mozilla/5.0 (Macintosh; Intel Mac OS X 10_14_5) AppleWebKit/537.36 (KHTML, like Gecko) Chrome/75.0.3770.100 Safari/537.36"
2019-07-03T10:10:49.362Z - info: ::1 - - [03/Jul/2019:10:10:49 +0000] "GET /api/presets HTTP/1.1" 200 36145 "http://localhost:4500/" "Mozilla/5.0 (Macintosh; Intel Mac OS X 10_14_5) AppleWebKit/537.36 (KHTML, like Gecko) Chrome/75.0.3770.100 Safari/537.36"
2019-07-03T10:10:49.362Z - info: ::1 - - [03/Jul/2019:10:10:49 +0000] "GET /libs/jquery-ui/images/ui-icons_777777_256x240.png HTTP/1.1" 304 - "http://localhost:4500/libs/jquery-ui/jquery-ui.theme.min.css" "Mozilla/5.0 (Macintosh; Intel Mac OS X 10_14_5) AppleWebKit/537.36 (KHTML, like Gecko) Chrome/75.0.3770.100 Safari/537.36"
2019-07-03T10:10:56.003Z - info: ::1 - - [03/Jul/2019:10:10:56 +0000] "GET /app/assets/samples/drumNbass/kick%20rc4%2016.wav HTTP/1.1" 304 - "http://localhost:4500/" "Mozilla/5.0 (Macintosh; Intel Mac OS X 10_14_5) AppleWebKit/537.36 (KHTML, like Gecko) Chrome/75.0.3770.100 Safari/537.36"
2019-07-03T10:10:56.004Z - info: ::1 - - [03/Jul/2019:10:10:56 +0000] "GET /app/assets/samples/drumNbass/snare%20rc4%208.wav HTTP/1.1" 304 - "http://localhost:4500/" "Mozilla/5.0 (Macintosh; Intel Mac OS X 10_14_5) AppleWebKit/537.36 (KHTML, like Gecko) Chrome/75.0.3770.100 Safari/537.36"
2019-07-03T10:10:56.005Z - info: ::1 - - [03/Jul/2019:10:10:56 +0000] "GET /app/assets/samples/drumNbass/hh%20rc4%201.wav HTTP/1.1" 304 - "http://localhost:4500/" "Mozilla/5.0 (Macintosh; Intel Mac OS X 10_14_5) AppleWebKit/537.36 (KHTML, like Gecko) Chrome/75.0.3770.100 Safari/537.36"
2019-07-03T10:10:56.007Z - info: ::1 - - [03/Jul/2019:10:10:56 +0000] "GET /app/assets/samples/drumNbass/hh%20rc4%203.wav HTTP/1.1" 304 - "http://localhost:4500/" "Mozilla/5.0 (Macintosh; Intel Mac OS X 10_14_5) AppleWebKit/537.36 (KHTML, like Gecko) Chrome/75.0.3770.100 Safari/537.36"
2019-07-03T10:10:56.007Z - info: ::1 - - [03/Jul/2019:10:10:56 +0000] "GET /app/assets/samples/drumNbass/ride%20rc4%2014.wav HTTP/1.1" 304 - "http://localhost:4500/" "Mozilla/5.0 (Macintosh; Intel Mac OS X 10_14_5) AppleWebKit/537.36 (KHTML, like Gecko) Chrome/75.0.3770.100 Safari/537.36"
2019-07-03T10:10:56.008Z - info: ::1 - - [03/Jul/2019:10:10:56 +0000] "GET /app/assets/samples/drumNbass/hh%20rc4%202.wav HTTP/1.1" 304 - "http://localhost:4500/" "Mozilla/5.0 (Macintosh; Intel Mac OS X 10_14_5) AppleWebKit/537.36 (KHTML, like Gecko) Chrome/75.0.3770.100 Safari/537.36"
2019-07-03T10:11:07.971Z - info: ::1 - - [03/Jul/2019:10:11:07 +0000] "GET /app/assets/samples/electro/tom%20boom.wav HTTP/1.1" 304 - "http://localhost:4500/" "Mozilla/5.0 (Macintosh; Intel Mac OS X 10_14_5) AppleWebKit/537.36 (KHTML, like Gecko) Chrome/75.0.3770.100 Safari/537.36"
2019-07-03T10:11:19.348Z - info: ::1 - - [03/Jul/2019:10:11:19 +0000] "GET /app/assets/samples/rock/rock-kick.wav HTTP/1.1" 304 - "http://localhost:4500/" "Mozilla/5.0 (Macintosh; Intel Mac OS X 10_14_5) AppleWebKit/537.36 (KHTML, like Gecko) Chrome/75.0.3770.100 Safari/537.36"
2019-07-03T10:11:19.349Z - info: ::1 - - [03/Jul/2019:10:11:19 +0000] "GET /app/assets/samples/rock/rock-snare.wav HTTP/1.1" 304 - "http://localhost:4500/" "Mozilla/5.0 (Macintosh; Intel Mac OS X 10_14_5) AppleWebKit/537.36 (KHTML, like Gecko) Chrome/75.0.3770.100 Safari/537.36"
2019-07-03T10:11:19.350Z - info: ::1 - - [03/Jul/2019:10:11:19 +0000] "GET /app/assets/samples/rock/rock-hh-open.wav HTTP/1.1" 304 - "http://localhost:4500/" "Mozilla/5.0 (Macintosh; Intel Mac OS X 10_14_5) AppleWebKit/537.36 (KHTML, like Gecko) Chrome/75.0.3770.100 Safari/537.36"
2019-07-03T10:11:40.296Z - info: ::1 - - [03/Jul/2019:10:11:40 +0000] "GET /libs/jquery-ui/images/ui-icons_555555_256x240.png HTTP/1.1" 304 - "http://localhost:4500/libs/jquery-ui/jquery-ui.theme.min.css" "Mozilla/5.0 (Macintosh; Intel Mac OS X 10_14_5) AppleWebKit/537.36 (KHTML, like Gecko) Chrome/75.0.3770.100 Safari/537.36"
